#
# There is insufficient memory for the Java Runtime Environment to continue.
# Native memory allocation (malloc) failed to allocate 32744 bytes for ChunkPool::allocate
# Possible reasons:
#   The system is out of physical RAM or swap space
#   The process is running with CompressedOops enabled, and the Java Heap may be blocking the growth of the native heap
# Possible solutions:
#   Reduce memory load on the system
#   Increase physical memory or swap space
#   Check if swap backing store is full
#   Decrease Java heap size (-Xmx/-Xms)
#   Decrease number of Java threads
#   Decrease Java thread stack sizes (-Xss)
#   Set larger code cache with -XX:ReservedCodeCacheSize=
#   JVM is running with Unscaled Compressed Oops mode in which the Java heap is
#     placed in the first 4GB address space. The Java Heap base address is the
#     maximum limit for the native heap growth. Please use -XX:HeapBaseMinAddress
#     to set the Java Heap base and to place the Java Heap above 4GB virtual address.
# This output file may be truncated or incomplete.
#
#  Out of Memory Error (allocation.cpp:272), pid=1124, tid=0x0000000000001378
#
# JRE version: OpenJDK Runtime Environment (8.0_202-b03) (build 1.8.0_202-release-1483-b03)
# Java VM: OpenJDK 64-Bit Server VM (25.202-b03 mixed mode windows-amd64 compressed oops)
# Failed to write core dump. Minidumps are not enabled by default on client versions of Windows
#

---------------  T H R E A D  ---------------

Current thread (0x0000000055e01800):  JavaThread "C2 CompilerThread0" daemon [_thread_in_native, id=4984, stack(0x0000000056e40000,0x0000000056f40000)]

Stack: [0x0000000056e40000,0x0000000056f40000]
[error occurred during error reporting (printing stack bounds), id 0xc0000005]

Native frames: (J=compiled Java code, j=interpreted, Vv=VM code, C=native code)


Current CompileTask:
C2:  51469 5096       4       java.net.URLClassLoader$1::run (5 bytes)


---------------  P R O C E S S  ---------------

Java Threads: ( => current thread )
  0x000000005bf00000 JavaThread "Execution worker for ':'" [_thread_blocked, id=3548, stack(0x0000000060cd0000,0x0000000060dd0000)]
  0x000000005beff000 JavaThread "Memory manager" [_thread_blocked, id=4304, stack(0x00000000606b0000,0x00000000607b0000)]
  0x000000005befd800 JavaThread "Cache worker for Build Output Cleanup Cache (C:\Users\vch\AndroidStudioProjects\ForTest\.gradle\buildOutputCleanup)" [_thread_blocked, id=2460, stack(0x000000005a3e0000,0x000000005a4e0000)]
  0x000000005befc000 JavaThread "Build operations Thread 2" [_thread_blocked, id=5052, stack(0x000000005f170000,0x000000005f270000)]
  0x000000005befb800 JavaThread "Build operations" [_thread_blocked, id=2936, stack(0x000000005f020000,0x000000005f120000)]
  0x000000005befa800 JavaThread "Cache worker for execution history cache (C:\Users\vch\.gradle\caches\5.4.1\executionHistory)" [_thread_in_vm, id=5116, stack(0x000000005cbe0000,0x000000005cce0000)]
  0x0000000058d03800 JavaThread "Cache worker for cache directory md-rule (C:\Users\vch\.gradle\caches\5.4.1\md-rule)" [_thread_blocked, id=4200, stack(0x000000005eae0000,0x000000005ebe0000)]
  0x0000000058d03000 JavaThread "Cache worker for cache directory md-supplier (C:\Users\vch\.gradle\caches\5.4.1\md-supplier)" [_thread_blocked, id=5064, stack(0x000000005d8c0000,0x000000005d9c0000)]
  0x0000000058cfe800 JavaThread "Cache worker for file hash cache (C:\Users\vch\AndroidStudioProjects\ForTest\.gradle\5.4.1\fileHashes)" [_thread_blocked, id=3520, stack(0x000000005cd20000,0x000000005ce20000)]
  0x0000000058cfd800 JavaThread "Cache worker for journal cache (C:\Users\vch\.gradle\caches\journal-1)" [_thread_blocked, id=2276, stack(0x000000005a6e0000,0x000000005a7e0000)]
  0x0000000058cfd000 JavaThread "File lock request listener" [_thread_in_native, id=5008, stack(0x0000000057400000,0x0000000057500000)]
  0x0000000058c7b800 JavaThread "Cache worker for file hash cache (C:\Users\vch\.gradle\caches\5.4.1\fileHashes)" [_thread_blocked, id=4672, stack(0x000000005a500000,0x000000005a600000)]
  0x0000000058eac800 JavaThread "Thread-9" [_thread_blocked, id=4956, stack(0x000000005a2e0000,0x000000005a3e0000)]
  0x0000000058e9d800 JavaThread "Stdin handler" [_thread_blocked, id=4736, stack(0x000000005a170000,0x000000005a270000)]
  0x0000000058e8f800 JavaThread "Asynchronous log dispatcher for DefaultDaemonConnection: socket connection from /127.0.0.1:1265 to /127.0.0.1:1266" [_thread_blocked, id=4904, stack(0x000000005a040000,0x000000005a140000)]
  0x0000000058e8a000 JavaThread "Daemon worker" [_thread_in_native, id=4756, stack(0x0000000059ed0000,0x0000000059fd0000)]
  0x0000000058e89000 JavaThread "Cancel handler" [_thread_blocked, id=4728, stack(0x0000000059dc0000,0x0000000059ec0000)]
  0x00000000587ce000 JavaThread "Handler for socket connection from /127.0.0.1:1265 to /127.0.0.1:1266" [_thread_in_native, id=4740, stack(0x00000000599e0000,0x0000000059ae0000)]
  0x00000000587cc800 JavaThread "Daemon" [_thread_blocked, id=4732, stack(0x0000000057150000,0x0000000057250000)]
  0x0000000058844800 JavaThread "Daemon periodic checks" [_thread_blocked, id=4688, stack(0x0000000059850000,0x0000000059950000)]
  0x0000000058846800 JavaThread "Incoming local TCP Connector on port 1265" [_thread_in_native, id=4724, stack(0x0000000059720000,0x0000000059820000)]
  0x000000005898b000 JavaThread "Daemon health stats" [_thread_blocked, id=4700, stack(0x0000000059410000,0x0000000059510000)]
  0x0000000055e09800 JavaThread "Service Thread" daemon [_thread_blocked, id=4032, stack(0x00000000572b0000,0x00000000573b0000)]
  0x0000000055e05800 JavaThread "C1 CompilerThread1" daemon [_thread_blocked, id=2588, stack(0x0000000057040000,0x0000000057140000)]
=>0x0000000055e01800 JavaThread "C2 CompilerThread0" daemon [_thread_in_native, id=4984, stack(0x0000000056e40000,0x0000000056f40000)]
  0x0000000055e11000 JavaThread "Attach Listener" daemon [_thread_blocked, id=5000, stack(0x0000000056d20000,0x0000000056e20000)]
  0x0000000055e0f800 JavaThread "Signal Dispatcher" daemon [_thread_blocked, id=4416, stack(0x0000000056be0000,0x0000000056ce0000)]
  0x0000000055de8000 JavaThread "Finalizer" daemon [_thread_blocked, id=4428, stack(0x00000000569e0000,0x0000000056ae0000)]
  0x0000000055de4800 JavaThread "Reference Handler" daemon [_thread_blocked, id=4840, stack(0x0000000056700000,0x0000000056800000)]
  0x000000000201e800 JavaThread "main" [_thread_blocked, id=4776, stack(0x0000000002280000,0x0000000002380000)]

Other Threads:
  0x0000000055d9c800 VMThread [stack: 0x00000000568a0000,0x00000000569a0000] [id=4272]
  0x0000000055e0b000 WatcherThread [stack: 0x0000000057500000,0x0000000057600000] [id=4876]

VM state:not at safepoint (normal execution)

VM Mutex/Monitor currently owned by a thread: None

heap address: 0x00000000a0000000, size: 1536 MB, Compressed Oops mode: 32-bit
Narrow klass base: 0x0000000000000000, Narrow klass shift: 0
Compressed class space size: 1073741824 Address: 0x0000000015470000

Heap:
 PSYoungGen      total 137216K, used 18157K [0x00000000e0000000, 0x00000000eae80000, 0x0000000100000000)
  eden space 121856K, 2% used [0x00000000e0000000,0x00000000e02bef28,0x00000000e7700000)
  from space 15360K, 99% used [0x00000000e9f80000,0x00000000eae7c818,0x00000000eae80000)
  to   space 12288K, 0% used [0x00000000e7700000,0x00000000e7700000,0x00000000e8300000)
 ParOldGen       total 63488K, used 24726K [0x00000000a0000000, 0x00000000a3e00000, 0x00000000e0000000)
  object space 63488K, 38% used [0x00000000a0000000,0x00000000a1825870,0x00000000a3e00000)
 Metaspace       used 56460K, capacity 57846K, committed 57944K, reserved 1099776K
  class space    used 7679K, capacity 8012K, committed 8064K, reserved 1048576K

Card table byte_map: [0x0000000011a10000,0x0000000011d20000] byte_map_base: 0x0000000011510000

Marking Bits: (ParMarkBitMap*) 0x0000000070729f30
 Begin Bits: [0x0000000012170000, 0x0000000013970000)
 End Bits:   [0x0000000013970000, 0x0000000015170000)

Polling page: 0x0000000000210000

CodeCache: size=245760Kb used=16075Kb max_used=16075Kb free=229684Kb
 bounds [0x0000000002650000, 0x0000000003610000, 0x0000000011650000]
 total_blobs=5656 nmethods=4873 adapters=697
 compilation: enabled

Compilation events (10 events):
Event: 51.227 Thread 0x0000000055e05800 5246       2       java.util.concurrent.ArrayBlockingQueue::dequeue (75 bytes)
Event: 51.227 Thread 0x0000000055e05800 nmethod 5246 0x000000000360b490 code [0x000000000360b620, 0x000000000360b958]
Event: 51.228 Thread 0x0000000055e05800 5247       2       sun.security.provider.MD5::resetHashes (33 bytes)
Event: 51.228 Thread 0x0000000055e05800 nmethod 5247 0x000000000360bbd0 code [0x000000000360bd40, 0x000000000360bf10]
Event: 51.229 Thread 0x0000000055e05800 5248   !   2       sun.nio.fs.WindowsPath::initOffsets (153 bytes)
Event: 51.232 Thread 0x0000000055e05800 nmethod 5248 0x000000000360c050 code [0x000000000360c260, 0x000000000360ce48]
Event: 51.233 Thread 0x0000000055e05800 5249       2       org.gradle.cache.internal.CacheAccessWorker::access$300 (5 bytes)
Event: 51.233 Thread 0x0000000055e05800 nmethod 5249 0x000000000360da10 code [0x000000000360db60, 0x000000000360dc90]
Event: 51.233 Thread 0x0000000055e05800 5250   !   2       java.util.concurrent.ArrayBlockingQueue::poll (83 bytes)
Event: 51.234 Thread 0x0000000055e05800 nmethod 5250 0x000000000360dd50 code [0x000000000360df40, 0x000000000360e418]

GC Heap History (10 events):
Event: 28.450 GC heap before
{Heap before GC invocations=10 (full 1):
 PSYoungGen      total 93696K, used 93658K [0x00000000e0000000, 0x00000000e8d80000, 0x0000000100000000)
  eden space 86016K, 100% used [0x00000000e0000000,0x00000000e5400000,0x00000000e5400000)
  from space 7680K, 99% used [0x00000000e8600000,0x00000000e8d76a48,0x00000000e8d80000)
  to   space 10240K, 0% used [0x00000000e7980000,0x00000000e7980000,0x00000000e8380000)
 ParOldGen       total 42496K, used 12858K [0x00000000a0000000, 0x00000000a2980000, 0x00000000e0000000)
  object space 42496K, 30% used [0x00000000a0000000,0x00000000a0c8e878,0x00000000a2980000)
 Metaspace       used 33385K, capacity 33986K, committed 34304K, reserved 1079296K
  class space    used 4584K, capacity 4778K, committed 4864K, reserved 1048576K
Event: 28.469 GC heap after
Heap after GC invocations=10 (full 1):
 PSYoungGen      total 111616K, used 10209K [0x00000000e0000000, 0x00000000e8680000, 0x0000000100000000)
  eden space 101376K, 0% used [0x00000000e0000000,0x00000000e0000000,0x00000000e6300000)
  from space 10240K, 99% used [0x00000000e7980000,0x00000000e8378430,0x00000000e8380000)
  to   space 3072K, 0% used [0x00000000e8380000,0x00000000e8380000,0x00000000e8680000)
 ParOldGen       total 42496K, used 13181K [0x00000000a0000000, 0x00000000a2980000, 0x00000000e0000000)
  object space 42496K, 31% used [0x00000000a0000000,0x00000000a0cdf550,0x00000000a2980000)
 Metaspace       used 33385K, capacity 33986K, committed 34304K, reserved 1079296K
  class space    used 4584K, capacity 4778K, committed 4864K, reserved 1048576K
}
Event: 36.708 GC heap before
{Heap before GC invocations=11 (full 1):
 PSYoungGen      total 111616K, used 40560K [0x00000000e0000000, 0x00000000e8680000, 0x0000000100000000)
  eden space 101376K, 29% used [0x00000000e0000000,0x00000000e1da3cd0,0x00000000e6300000)
  from space 10240K, 99% used [0x00000000e7980000,0x00000000e8378430,0x00000000e8380000)
  to   space 3072K, 0% used [0x00000000e8380000,0x00000000e8380000,0x00000000e8680000)
 ParOldGen       total 42496K, used 13181K [0x00000000a0000000, 0x00000000a2980000, 0x00000000e0000000)
  object space 42496K, 31% used [0x00000000a0000000,0x00000000a0cdf550,0x00000000a2980000)
 Metaspace       used 34538K, capacity 35168K, committed 35416K, reserved 1079296K
  class space    used 4749K, capacity 4933K, committed 4992K, reserved 1048576K
Event: 36.957 GC heap after
Heap after GC invocations=11 (full 1):
 PSYoungGen      total 124928K, used 3072K [0x00000000e0000000, 0x00000000e8f00000, 0x0000000100000000)
  eden space 121856K, 0% used [0x00000000e0000000,0x00000000e0000000,0x00000000e7700000)
  from space 3072K, 100% used [0x00000000e8380000,0x00000000e8680000,0x00000000e8680000)
  to   space 12288K, 0% used [0x00000000e7700000,0x00000000e7700000,0x00000000e8300000)
 ParOldGen       total 42496K, used 18946K [0x00000000a0000000, 0x00000000a2980000, 0x00000000e0000000)
  object space 42496K, 44% used [0x00000000a0000000,0x00000000a1280830,0x00000000a2980000)
 Metaspace       used 34538K, capacity 35168K, committed 35416K, reserved 1079296K
  class space    used 4749K, capacity 4933K, committed 4992K, reserved 1048576K
}
Event: 36.957 GC heap before
{Heap before GC invocations=12 (full 2):
 PSYoungGen      total 124928K, used 3072K [0x00000000e0000000, 0x00000000e8f00000, 0x0000000100000000)
  eden space 121856K, 0% used [0x00000000e0000000,0x00000000e0000000,0x00000000e7700000)
  from space 3072K, 100% used [0x00000000e8380000,0x00000000e8680000,0x00000000e8680000)
  to   space 12288K, 0% used [0x00000000e7700000,0x00000000e7700000,0x00000000e8300000)
 ParOldGen       total 42496K, used 18946K [0x00000000a0000000, 0x00000000a2980000, 0x00000000e0000000)
  object space 42496K, 44% used [0x00000000a0000000,0x00000000a1280830,0x00000000a2980000)
 Metaspace       used 34538K, capacity 35168K, committed 35416K, reserved 1079296K
  class space    used 4749K, capacity 4933K, committed 4992K, reserved 1048576K
Event: 37.412 GC heap after
Heap after GC invocations=12 (full 2):
 PSYoungGen      total 124928K, used 0K [0x00000000e0000000, 0x00000000e8f00000, 0x0000000100000000)
  eden space 121856K, 0% used [0x00000000e0000000,0x00000000e0000000,0x00000000e7700000)
  from space 3072K, 0% used [0x00000000e8380000,0x00000000e8380000,0x00000000e8680000)
  to   space 12288K, 0% used [0x00000000e7700000,0x00000000e7700000,0x00000000e8300000)
 ParOldGen       total 63488K, used 15512K [0x00000000a0000000, 0x00000000a3e00000, 0x00000000e0000000)
  object space 63488K, 24% used [0x00000000a0000000,0x00000000a0f263e8,0x00000000a3e00000)
 Metaspace       used 34538K, capacity 35168K, committed 35416K, reserved 1079296K
  class space    used 4749K, capacity 4933K, committed 4992K, reserved 1048576K
}
Event: 45.448 GC heap before
{Heap before GC invocations=13 (full 2):
 PSYoungGen      total 124928K, used 121856K [0x00000000e0000000, 0x00000000e8f00000, 0x0000000100000000)
  eden space 121856K, 100% used [0x00000000e0000000,0x00000000e7700000,0x00000000e7700000)
  from space 3072K, 0% used [0x00000000e8380000,0x00000000e8380000,0x00000000e8680000)
  to   space 12288K, 0% used [0x00000000e7700000,0x00000000e7700000,0x00000000e8300000)
 ParOldGen       total 63488K, used 15512K [0x00000000a0000000, 0x00000000a3e00000, 0x00000000e0000000)
  object space 63488K, 24% used [0x00000000a0000000,0x00000000a0f263e8,0x00000000a3e00000)
 Metaspace       used 45800K, capacity 46852K, committed 47192K, reserved 1089536K
  class space    used 6170K, capacity 6461K, committed 6528K, reserved 1048576K
Event: 45.510 GC heap after
Heap after GC invocations=13 (full 2):
 PSYoungGen      total 134144K, used 12280K [0x00000000e0000000, 0x00000000eae80000, 0x0000000100000000)
  eden space 121856K, 0% used [0x00000000e0000000,0x00000000e0000000,0x00000000e7700000)
  from space 12288K, 99% used [0x00000000e7700000,0x00000000e82fe140,0x00000000e8300000)
  to   space 15360K, 0% used [0x00000000e9f80000,0x00000000e9f80000,0x00000000eae80000)
 ParOldGen       total 63488K, used 18937K [0x00000000a0000000, 0x00000000a3e00000, 0x00000000e0000000)
  object space 63488K, 29% used [0x00000000a0000000,0x00000000a127e480,0x00000000a3e00000)
 Metaspace       used 45800K, capacity 46852K, committed 47192K, reserved 1089536K
  class space    used 6170K, capacity 6461K, committed 6528K, reserved 1048576K
}
Event: 51.297 GC heap before
{Heap before GC invocations=14 (full 2):
 PSYoungGen      total 134144K, used 134136K [0x00000000e0000000, 0x00000000eae80000, 0x0000000100000000)
  eden space 121856K, 100% used [0x00000000e0000000,0x00000000e7700000,0x00000000e7700000)
  from space 12288K, 99% used [0x00000000e7700000,0x00000000e82fe140,0x00000000e8300000)
  to   space 15360K, 0% used [0x00000000e9f80000,0x00000000e9f80000,0x00000000eae80000)
 ParOldGen       total 63488K, used 18937K [0x00000000a0000000, 0x00000000a3e00000, 0x00000000e0000000)
  object space 63488K, 29% used [0x00000000a0000000,0x00000000a127e480,0x00000000a3e00000)
 Metaspace       used 56450K, capacity 57846K, committed 57944K, reserved 1099776K
  class space    used 7677K, capacity 8012K, committed 8064K, reserved 1048576K
Event: 51.388 GC heap after
Heap after GC invocations=14 (full 2):
 PSYoungGen      total 137216K, used 15346K [0x00000000e0000000, 0x00000000eae80000, 0x0000000100000000)
  eden space 121856K, 0% used [0x00000000e0000000,0x00000000e0000000,0x00000000e7700000)
  from space 15360K, 99% used [0x00000000e9f80000,0x00000000eae7c818,0x00000000eae80000)
  to   space 12288K, 0% used [0x00000000e7700000,0x00000000e7700000,0x00000000e8300000)
 ParOldGen       total 63488K, used 24726K [0x00000000a0000000, 0x00000000a3e00000, 0x00000000e0000000)
  object space 63488K, 38% used [0x00000000a0000000,0x00000000a1825870,0x00000000a3e00000)
 Metaspace       used 56450K, capacity 57846K, committed 57944K, reserved 1099776K
  class space    used 7677K, capacity 8012K, committed 8064K, reserved 1048576K
}

Deoptimization events (10 events):
Event: 49.946 Thread 0x0000000058e8a000 Uncommon trap: reason=bimorphic action=maybe_recompile pc=0x0000000003499fb0 method=java.util.regex.Pattern$5.isSatisfiedBy(I)Z @ 16
Event: 50.625 Thread 0x0000000058e8a000 Uncommon trap: reason=class_check action=maybe_recompile pc=0x0000000002c14980 method=java.io.DataInputStream.readUnsignedShort()I @ 4
Event: 50.625 Thread 0x0000000058e8a000 Uncommon trap: reason=class_check action=maybe_recompile pc=0x0000000002c14980 method=java.io.DataInputStream.readUnsignedShort()I @ 4
Event: 50.625 Thread 0x0000000058e8a000 Uncommon trap: reason=class_check action=maybe_recompile pc=0x0000000002c14980 method=java.io.DataInputStream.readUnsignedShort()I @ 4
Event: 50.625 Thread 0x0000000058e8a000 Uncommon trap: reason=class_check action=maybe_recompile pc=0x0000000002c14980 method=java.io.DataInputStream.readUnsignedShort()I @ 4
Event: 50.769 Thread 0x0000000058e8a000 Uncommon trap: reason=unstable_if action=reinterpret pc=0x0000000002bd90d8 method=java.util.regex.Pattern$BmpCharProperty.match(Ljava/util/regex/Matcher;ILjava/lang/CharSequence;)Z @ 34
Event: 50.855 Thread 0x0000000058e8a000 Uncommon trap: reason=unstable_if action=reinterpret pc=0x000000000355daa0 method=com.sun.org.apache.xerces.internal.impl.XMLEntityScanner.scanLiteral(ILcom/sun/org/apache/xerces/internal/xni/XMLString;Z)I @ 660
Event: 51.390 Thread 0x000000005befa800 Uncommon trap: reason=bimorphic action=maybe_recompile pc=0x0000000002c1b388 method=java.util.Arrays.binarySearch0([Ljava/lang/Object;IILjava/lang/Object;Ljava/util/Comparator;)I @ 48
Event: 51.390 Thread 0x000000005befa800 Uncommon trap: reason=bimorphic action=maybe_recompile pc=0x0000000002c1b388 method=java.util.Arrays.binarySearch0([Ljava/lang/Object;IILjava/lang/Object;Ljava/util/Comparator;)I @ 48
Event: 51.390 Thread 0x000000005befa800 Uncommon trap: reason=bimorphic action=maybe_recompile pc=0x0000000002c1b388 method=java.util.Arrays.binarySearch0([Ljava/lang/Object;IILjava/lang/Object;Ljava/util/Comparator;)I @ 48

Classes redefined (0 events):
No events

Internal exceptions (10 events):
Event: 45.877 Thread 0x0000000058e8a000 Exception <a 'java/lang/NoSuchMethodError': java.lang.Object.lambda$comparing$ea9a8b3a$1(Ljava/util/Comparator;Ljava/util/function/Function;Ljava/lang/Object;Ljava/lang/Object;)I> (0x00000000e0441518) thrown at [D:\src\AOSP-openjdk-cygwin\jdk8u\hotspot\sr
Event: 48.175 Thread 0x0000000058e8a000 Exception <a 'java/lang/ClassNotFoundException': com/android/build/gradle/internal/api/ApkVariantOutputImpl_DecoratedBeanInfo> (0x00000000e39b7618) thrown at [D:\src\AOSP-openjdk-cygwin\jdk8u\hotspot\src\share\vm\classfile\systemDictionary.cpp, line 210]
Event: 48.177 Thread 0x0000000058e8a000 Exception <a 'java/lang/ClassNotFoundException': com/android/build/gradle/internal/api/ApkVariantOutputImplBeanInfo> (0x00000000e39d1ce0) thrown at [D:\src\AOSP-openjdk-cygwin\jdk8u\hotspot\src\share\vm\classfile\systemDictionary.cpp, line 210]
Event: 48.178 Thread 0x0000000058e8a000 Exception <a 'java/lang/ClassNotFoundException': com/android/build/gradle/internal/api/BaseVariantOutputImplBeanInfo> (0x00000000e39ed3a0) thrown at [D:\src\AOSP-openjdk-cygwin\jdk8u\hotspot\src\share\vm\classfile\systemDictionary.cpp, line 210]
Event: 48.180 Thread 0x0000000058e8a000 Exception <a 'java/lang/ClassNotFoundException': com/android/build/gradle/internal/api/BaseVariantOutputImplCustomizer> (0x00000000e3a08f10) thrown at [D:\src\AOSP-openjdk-cygwin\jdk8u\hotspot\src\share\vm\classfile\systemDictionary.cpp, line 210]
Event: 48.183 Thread 0x0000000058e8a000 Exception <a 'java/lang/ClassNotFoundException': com/android/build/gradle/internal/api/ApkVariantOutputImplCustomizer> (0x00000000e3a3e960) thrown at [D:\src\AOSP-openjdk-cygwin\jdk8u\hotspot\src\share\vm\classfile\systemDictionary.cpp, line 210]
Event: 48.186 Thread 0x0000000058e8a000 Exception <a 'java/lang/ClassNotFoundException': com/android/build/gradle/internal/api/ApkVariantOutputImpl_DecoratedCustomizer> (0x00000000e3a6f4b8) thrown at [D:\src\AOSP-openjdk-cygwin\jdk8u\hotspot\src\share\vm\classfile\systemDictionary.cpp, line 210
Event: 48.733 Thread 0x0000000058eac800 Implicit null exception at 0x000000000316a298 to 0x000000000316a7d1
Event: 50.059 Thread 0x0000000058e8a000 Exception <a 'java/lang/ClassNotFoundException': com/sun/org/glassfish/hk2/osgiresourcelocator/ServiceLoader> (0x00000000e5457310) thrown at [D:\src\AOSP-openjdk-cygwin\jdk8u\hotspot\src\share\vm\classfile\systemDictionary.cpp, line 210]
Event: 50.196 Thread 0x0000000058e8a000 Exception <a 'java/lang/NullPointerException'> (0x00000000e5924798) thrown at [D:\src\AOSP-openjdk-cygwin\jdk8u\hotspot\src\share\vm\interpreter\linkResolver.cpp, line 1287]

Events (10 events):
Event: 51.391 loading class org/gradle/internal/execution/history/impl/AbstractExecutionState done
Event: 51.392 Executing VM operation: RevokeBias
Event: 51.392 Executing VM operation: RevokeBias done
Event: 51.392 Executing VM operation: RevokeBias
Event: 51.392 Executing VM operation: RevokeBias done
Event: 51.393 Executing VM operation: RevokeBias
Event: 51.393 Executing VM operation: RevokeBias done
Event: 51.393 loading class org/gradle/internal/fingerprint/impl/AbsolutePathFingerprintingStrategy$1
Event: 51.393 loading class org/gradle/internal/fingerprint/impl/AbsolutePathFingerprintingStrategy$1 done
Event: 51.435 Thread 0x000000005befa800 Uncommon trap: trap_request=0xffffffc6 fr.pc=0x0000000002c1b388


Dynamic libraries:
0x000000013f2f0000 - 0x000000013f321000 	C:\Program Files\Android\Android Studio\jre\bin\java.exe
0x0000000077170000 - 0x000000007730f000 	C:\Windows\SYSTEM32\ntdll.dll
0x0000000076f50000 - 0x000000007706f000 	C:\Windows\system32\kernel32.dll
0x000007fefce20000 - 0x000007fefce87000 	C:\Windows\system32\KERNELBASE.dll
0x000007fefda40000 - 0x000007fefdb1b000 	C:\Windows\system32\ADVAPI32.dll
0x000007feff160000 - 0x000007feff1ff000 	C:\Windows\system32\msvcrt.dll
0x000007fefe3b0000 - 0x000007fefe3cf000 	C:\Windows\SYSTEM32\sechost.dll
0x000007fefddd0000 - 0x000007fefdefc000 	C:\Windows\system32\RPCRT4.dll
0x0000000077070000 - 0x000000007716a000 	C:\Windows\system32\USER32.dll
0x000007feff3e0000 - 0x000007feff447000 	C:\Windows\system32\GDI32.dll
0x000007feff450000 - 0x000007feff45e000 	C:\Windows\system32\LPK.dll
0x000007fefd670000 - 0x000007fefd73b000 	C:\Windows\system32\USP10.dll
0x000007fefb5b0000 - 0x000007fefb7a5000 	C:\Windows\WinSxS\amd64_microsoft.windows.common-controls_6595b64144ccf1df_6.0.7601.24483_none_e372d88f30fbb845\COMCTL32.dll
0x000007fefd080000 - 0x000007fefd0f1000 	C:\Windows\system32\SHLWAPI.dll
0x000007fefd7b0000 - 0x000007fefd7de000 	C:\Windows\system32\IMM32.DLL
0x000007fefd920000 - 0x000007fefda2b000 	C:\Windows\system32\MSCTF.dll
0x000007fefcbe0000 - 0x000007fefcc24000 	C:\Windows\system32\nvinitx.dll
0x0000000071c00000 - 0x0000000071cd2000 	C:\Program Files\Android\Android Studio\jre\jre\bin\msvcr100.dll
0x000000006ff60000 - 0x00000000707a6000 	C:\Program Files\Android\Android Studio\jre\jre\bin\server\jvm.dll
0x000007fef2360000 - 0x000007fef2369000 	C:\Windows\system32\WSOCK32.dll
0x000007fefd740000 - 0x000007fefd78d000 	C:\Windows\system32\WS2_32.dll
0x000007fefda30000 - 0x000007fefda38000 	C:\Windows\system32\NSI.dll
0x000007fef96e0000 - 0x000007fef971b000 	C:\Windows\system32\WINMM.dll
0x000007fefbd20000 - 0x000007fefbd2c000 	C:\Windows\system32\VERSION.dll
0x0000000077310000 - 0x0000000077317000 	C:\Windows\system32\PSAPI.DLL
0x000007fedfa30000 - 0x000007fedfa3f000 	C:\Program Files\Android\Android Studio\jre\jre\bin\verify.dll
0x000007fedfa00000 - 0x000007fedfa29000 	C:\Program Files\Android\Android Studio\jre\jre\bin\java.dll
0x000007fedf9e0000 - 0x000007fedf9f6000 	C:\Program Files\Android\Android Studio\jre\jre\bin\zip.dll
0x000007fefe3d0000 - 0x000007feff15b000 	C:\Windows\system32\SHELL32.dll
0x000007fefd3d0000 - 0x000007fefd5cf000 	C:\Windows\system32\ole32.dll
0x000007fefccc0000 - 0x000007fefcccf000 	C:\Windows\system32\profapi.dll
0x000007fedf9c0000 - 0x000007fedf9da000 	C:\Program Files\Android\Android Studio\jre\jre\bin\net.dll
0x000007fefc3a0000 - 0x000007fefc3f5000 	C:\Windows\system32\mswsock.dll
0x000007fefc390000 - 0x000007fefc397000 	C:\Windows\System32\wship6.dll
0x000007fedf9a0000 - 0x000007fedf9b1000 	C:\Program Files\Android\Android Studio\jre\jre\bin\nio.dll
0x000007fef8750000 - 0x000007fef8776000 	C:\Users\vch\.gradle\native\29\windows-amd64\native-platform.dll
0x000007fef14c0000 - 0x000007fef14c3000 	C:\Windows\system32\api-ms-win-core-synch-l1-2-0.DLL
0x000007fedfa40000 - 0x000007fedfa4d000 	C:\Program Files\Android\Android Studio\jre\jre\bin\management.dll
0x000007fefc400000 - 0x000007fefc418000 	C:\Windows\system32\CRYPTSP.dll
0x000007fefc100000 - 0x000007fefc147000 	C:\Windows\system32\rsaenh.dll
0x000007fefcd90000 - 0x000007fefcdaf000 	C:\Windows\system32\USERENV.dll
0x000007fefcb00000 - 0x000007fefcb0f000 	C:\Windows\system32\CRYPTBASE.dll
0x000007fefa8d0000 - 0x000007fefa8f7000 	C:\Windows\system32\IPHLPAPI.DLL
0x000007fefa8c0000 - 0x000007fefa8cb000 	C:\Windows\system32\WINNSI.DLL
0x000007fefa670000 - 0x000007fefa688000 	C:\Windows\system32\dhcpcsvc.DLL
0x000007fefa650000 - 0x000007fefa661000 	C:\Windows\system32\dhcpcsvc6.DLL

VM Arguments:
jvm_args: -Xmx1536m -Dfile.encoding=windows-1252 -Duser.country=US -Duser.language=en -Duser.variant 
java_command: org.gradle.launcher.daemon.bootstrap.GradleDaemon 5.4.1
java_class_path (initial): C:\Users\vch\.gradle\wrapper\dists\gradle-5.4.1-all\3221gyojl5jsh0helicew7rwx\gradle-5.4.1\lib\gradle-launcher-5.4.1.jar
Launcher Type: SUN_STANDARD

Environment Variables:
JAVA_HOME=C:\Program Files\Java\jdk1.8.0_231
PATH=C:\Program Files (x86)\Intel\iCLS Client\;C:\Program Files\Intel\iCLS Client\;c:\Program Files (x86)\Common Files\Oracle\Java\javapath;C:\Windows\system32;C:\Windows;C:\Windows\System32\Wbem;C:\Windows\System32\WindowsPowerShell\v1.0\;C:\Program Files\Java\jdk1.8.0_231\bin;c:\Program Files\Intel\Intel(R) Management Engine Components\DAL;c:\Program Files\Intel\Intel(R) Management Engine Components\IPT;c:\Program Files (x86)\Intel\Intel(R) Management Engine Components\DAL;c:\Program Files (x86)\Intel\Intel(R) Management Engine Components\IPT;c:\Program Files (x86)\Intel\OpenCL SDK\2.0\bin\x86;c:\Program Files (x86)\Intel\OpenCL SDK\2.0\bin\x64;c:\Program Files\Git\cmd;C:\Program Files\TortoiseGit\bin
USERNAME=vch
OS=Windows_NT
PROCESSOR_IDENTIFIER=Intel64 Family 6 Model 42 Stepping 7, GenuineIntel



---------------  S Y S T E M  ---------------

OS: Windows 7 , 64 bit Build 7601 (6.1.7601.24535)

CPU:total 2 (initial active 2) (2 cores per cpu, 1 threads per core) family 6 model 42 stepping 7, cmov, cx8, fxsr, mmx, sse, sse2, sse3, ssse3, sse4.1, sse4.2, popcnt, clmul, tsc, tscinvbit

Memory: 4k page, physical 4075096k(343164k free), swap 4073196k(4928k free)

vm_info: OpenJDK 64-Bit Server VM (25.202-b03) for windows-amd64 JRE (1.8.0_202-release-1483-b03), built by "builder" with MS VC++ 10.0 (VS2010)

time: Tue Dec 03 22:37:22 2019
timezone: FLE Standard Time
elapsed time: 51 seconds (0d 0h 0m 51s)

